<?xml version="1.0" encoding="UTF-8"?>
<!-- Generated by org.testng.reporters.JUnitReportReporter -->
<testsuite hostname="ZOAUAOT4BG7VBBZ" name="testcases.Demo12" tests="1" failures="0" timestamp="28 Mar 2017 05:31:41 GMT" time="5.310" errors="0">
  <testcase name="Login" time="5.310" classname="testcases.Demo12"/>
</testsuite> <!-- testcases.Demo12 -->
